<?xml version="1.0" encoding="UTF-8"?>
<!-- Generated by org.testng.reporters.JUnitXMLReporter -->
<testsuite hostname="Ezequiels-MacBook-Pro.local" ignored="2" name="Default test" tests="1" failures="0" timestamp="27 Mar 2018 17:32:41 GMT" time="1.556" errors="0">
  <testcase name="login2" time="0.823" classname="com.tests.Login"/>
  <testcase name="login3" time="0.0" classname="com.tests.Login">
    <ignored/>
  </testcase> <!-- login3 -->
  <testcase name="login" time="0.0" classname="com.tests.Login">
    <ignored/>
  </testcase> <!-- login -->
</testsuite> <!-- Default test -->
