<?xml version="1.0" encoding="UTF-8"?>
<testng-results skipped="0" failed="0" ignored="0" total="1" passed="1">
  <reporter-output>
  </reporter-output>
  <suite name="Suite" duration-ms="1705" started-at="2018-03-27T17:34:15Z" finished-at="2018-03-27T17:34:17Z">
    <groups>
    </groups>
    <test name="Regression1" duration-ms="1705" started-at="2018-03-27T17:34:15Z" finished-at="2018-03-27T17:34:17Z">
      <class name="com.tests.Login">
        <test-method status="PASS" signature="setUp()[pri:0, instance:com.tests.Login@4d5b6aac]" name="setUp" is-config="true" duration-ms="504" started-at="2018-03-27T17:34:15Z" finished-at="2018-03-27T17:34:16Z">
          <reporter-output>
          </reporter-output>
        </test-method> <!-- setUp -->
        <test-method status="PASS" signature="login()[pri:0, instance:com.tests.Login@4d5b6aac]" name="login" duration-ms="887" started-at="2018-03-27T17:34:16Z" finished-at="2018-03-27T17:34:17Z">
          <reporter-output>
          </reporter-output>
        </test-method> <!-- login -->
        <test-method status="PASS" signature="cleanUp()[pri:0, instance:com.tests.Login@4d5b6aac]" name="cleanUp" is-config="true" duration-ms="277" started-at="2018-03-27T17:34:17Z" finished-at="2018-03-27T17:34:17Z">
          <reporter-output>
          </reporter-output>
        </test-method> <!-- cleanUp -->
      </class> <!-- com.tests.Login -->
    </test> <!-- Regression1 -->
  </suite> <!-- Suite -->
</testng-results>
